<?xml version="1.0" encoding="UTF-8"?>
<!-- Generated by org.testng.reporters.JUnitReportReporter -->
<testsuite skipped="0" hostname="DANGERSONisAWOLF" name="testCases.LoginTest" tests="2" failures="0" timestamp="01 Jul 2021 18:46:37 GMT" time="5.996" errors="0">
  <testcase name="LoginHRM" time="3.485" classname="testCases.LoginTest"/>
  <testcase name="LoginHRMExcel" time="2.511" classname="testCases.LoginTest"/>
</testsuite> <!-- testCases.LoginTest -->
