<?xml version="1.0" encoding="UTF-8"?>
<!-- Generated by org.testng.reporters.JUnitReportReporter -->
<testsuite skipped="0" hostname="DANGERSONisAWOLF" name="testCases.userManagementTest" tests="1" failures="0" timestamp="01 Jul 2021 18:46:37 GMT" time="3.305" errors="0">
  <testcase name="UMTest" time="3.305" classname="testCases.userManagementTest"/>
</testsuite> <!-- testCases.userManagementTest -->
